{
"/Users/jlord/Sites/randomUserGenerator/lib/index.js":{"path":"/Users/jlord/Sites/randomUserGenerator/lib/index.js","s":{"1":1,"2":1,"3":1,"4":1,"5":9,"6":9,"7":9,"8":9,"9":9,"10":9,"11":9,"12":9,"13":1,"14":6,"15":2,"16":2,"17":6,"18":6,"19":6,"20":6,"21":6,"22":1,"23":10,"24":2,"25":2,"26":10,"27":10,"28":8,"29":10,"30":10,"31":0,"32":10,"33":10,"34":10,"35":10,"36":10,"37":10,"38":10,"39":10,"40":10,"41":10,"42":0,"43":10,"44":10,"45":10,"46":0,"47":10,"48":10,"49":28,"50":28,"51":1,"52":2,"53":2,"54":27,"55":2,"56":6,"57":6,"58":6,"59":2,"60":2,"61":4,"62":6,"63":25,"64":28,"65":10,"66":3,"67":3,"68":3,"69":7,"70":7,"71":10,"72":1,"73":49,"74":0,"75":49,"76":1,"77":3,"78":3,"79":3,"80":3,"81":0,"82":3,"83":1},"b":{"1":[2,7],"2":[9,2],"3":[0,9],"4":[9,2],"5":[1,8],"6":[9,2],"7":[0,9],"8":[9,2],"9":[0,9],"10":[9,2],"11":[0,9],"12":[9,2],"13":[2,4],"14":[6,2],"15":[6,0],"16":[2,8],"17":[10,2],"18":[0,10],"19":[1,9],"20":[1,9],"21":[2,8],"22":[0,10],"23":[0,10],"24":[1,27],"25":[28,28],"26":[2,0],"27":[2,25],"28":[27,27],"29":[2,4],"30":[3,7],"31":[3,0],"32":[7,0],"33":[0,49],"34":[3,0],"35":[0,3]},"f":{"1":9,"2":6,"3":6,"4":10,"5":10,"6":3,"7":49,"8":3,"9":3},"fnMap":{"1":{"name":"RUG","line":14,"loc":{"start":{"line":14,"column":10},"end":{"line":14,"column":33}}},"2":{"name":"(anonymous_2)","line":33,"loc":{"start":{"line":33,"column":23},"end":{"line":33,"column":46}}},"3":{"name":"(anonymous_3)","line":42,"loc":{"start":{"line":42,"column":27},"end":{"line":42,"column":44}}},"4":{"name":"(anonymous_4)","line":56,"loc":{"start":{"line":56,"column":24},"end":{"line":56,"column":56}}},"5":{"name":"(anonymous_5)","line":84,"loc":{"start":{"line":84,"column":54},"end":{"line":84,"column":87}}},"6":{"name":"(anonymous_6)","line":140,"loc":{"start":{"line":140,"column":31},"end":{"line":140,"column":43}}},"7":{"name":"(anonymous_7)","line":156,"loc":{"start":{"line":156,"column":20},"end":{"line":156,"column":36}}},"8":{"name":"(anonymous_8)","line":170,"loc":{"start":{"line":170,"column":29},"end":{"line":170,"column":49}}},"9":{"name":"(anonymous_9)","line":175,"loc":{"start":{"line":175,"column":47},"end":{"line":175,"column":62}}}},"statementMap":{"1":{"start":{"line":3,"column":0},"end":{"line":3,"column":33}},"2":{"start":{"line":4,"column":0},"end":{"line":4,"column":23}},"3":{"start":{"line":6,"column":0},"end":{"line":8,"column":2}},"4":{"start":{"line":14,"column":0},"end":{"line":25,"column":2}},"5":{"start":{"line":16,"column":2},"end":{"line":16,"column":37}},"6":{"start":{"line":17,"column":2},"end":{"line":17,"column":22}},"7":{"start":{"line":19,"column":2},"end":{"line":19,"column":101}},"8":{"start":{"line":20,"column":2},"end":{"line":20,"column":90}},"9":{"start":{"line":21,"column":2},"end":{"line":21,"column":81}},"10":{"start":{"line":22,"column":2},"end":{"line":22,"column":90}},"11":{"start":{"line":23,"column":2},"end":{"line":23,"column":105}},"12":{"start":{"line":24,"column":2},"end":{"line":24,"column":84}},"13":{"start":{"line":33,"column":0},"end":{"line":47,"column":2}},"14":{"start":{"line":35,"column":2},"end":{"line":38,"column":3}},"15":{"start":{"line":36,"column":4},"end":{"line":36,"column":17}},"16":{"start":{"line":37,"column":4},"end":{"line":37,"column":17}},"17":{"start":{"line":40,"column":2},"end":{"line":40,"column":42}},"18":{"start":{"line":42,"column":2},"end":{"line":44,"column":5}},"19":{"start":{"line":43,"column":4},"end":{"line":43,"column":47}},"20":{"start":{"line":43,"column":34},"end":{"line":43,"column":47}},"21":{"start":{"line":46,"column":2},"end":{"line":46,"column":9}},"22":{"start":{"line":56,"column":0},"end":{"line":149,"column":2}},"23":{"start":{"line":58,"column":2},"end":{"line":61,"column":3}},"24":{"start":{"line":59,"column":4},"end":{"line":59,"column":17}},"25":{"start":{"line":60,"column":4},"end":{"line":60,"column":17}},"26":{"start":{"line":64,"column":2},"end":{"line":64,"column":34}},"27":{"start":{"line":65,"column":2},"end":{"line":67,"column":3}},"28":{"start":{"line":66,"column":4},"end":{"line":66,"column":49}},"29":{"start":{"line":68,"column":2},"end":{"line":68,"column":31}},"30":{"start":{"line":70,"column":2},"end":{"line":72,"column":3}},"31":{"start":{"line":71,"column":4},"end":{"line":71,"column":64}},"32":{"start":{"line":74,"column":2},"end":{"line":74,"column":43}},"33":{"start":{"line":75,"column":2},"end":{"line":75,"column":28}},"34":{"start":{"line":76,"column":2},"end":{"line":76,"column":20}},"35":{"start":{"line":77,"column":2},"end":{"line":77,"column":18}},"36":{"start":{"line":79,"column":2},"end":{"line":79,"column":42}},"37":{"start":{"line":80,"column":2},"end":{"line":80,"column":67}},"38":{"start":{"line":81,"column":2},"end":{"line":81,"column":74}},"39":{"start":{"line":82,"column":2},"end":{"line":82,"column":61}},"40":{"start":{"line":84,"column":2},"end":{"line":146,"column":5}},"41":{"start":{"line":85,"column":4},"end":{"line":87,"column":5}},"42":{"start":{"line":86,"column":6},"end":{"line":86,"column":37}},"43":{"start":{"line":89,"column":4},"end":{"line":89,"column":37}},"44":{"start":{"line":91,"column":4},"end":{"line":91,"column":28}},"45":{"start":{"line":94,"column":4},"end":{"line":96,"column":5}},"46":{"start":{"line":95,"column":6},"end":{"line":95,"column":23}},"47":{"start":{"line":98,"column":4},"end":{"line":98,"column":19}},"48":{"start":{"line":100,"column":4},"end":{"line":136,"column":5}},"49":{"start":{"line":102,"column":6},"end":{"line":102,"column":23}},"50":{"start":{"line":103,"column":6},"end":{"line":132,"column":7}},"51":{"start":{"line":105,"column":8},"end":{"line":108,"column":9}},"52":{"start":{"line":106,"column":10},"end":{"line":106,"column":40}},"53":{"start":{"line":107,"column":10},"end":{"line":107,"column":97}},"54":{"start":{"line":109,"column":13},"end":{"line":132,"column":7}},"55":{"start":{"line":111,"column":8},"end":{"line":129,"column":9}},"56":{"start":{"line":115,"column":10},"end":{"line":115,"column":48}},"57":{"start":{"line":118,"column":10},"end":{"line":118,"column":25}},"58":{"start":{"line":119,"column":10},"end":{"line":125,"column":11}},"59":{"start":{"line":120,"column":12},"end":{"line":120,"column":43}},"60":{"start":{"line":122,"column":12},"end":{"line":122,"column":68}},"61":{"start":{"line":124,"column":12},"end":{"line":124,"column":54}},"62":{"start":{"line":128,"column":10},"end":{"line":128,"column":44}},"63":{"start":{"line":131,"column":8},"end":{"line":131,"column":39}},"64":{"start":{"line":135,"column":6},"end":{"line":135,"column":26}},"65":{"start":{"line":139,"column":4},"end":{"line":145,"column":5}},"66":{"start":{"line":140,"column":6},"end":{"line":142,"column":9}},"67":{"start":{"line":141,"column":8},"end":{"line":141,"column":48}},"68":{"start":{"line":141,"column":38},"end":{"line":141,"column":48}},"69":{"start":{"line":144,"column":6},"end":{"line":144,"column":46}},"70":{"start":{"line":144,"column":36},"end":{"line":144,"column":46}},"71":{"start":{"line":148,"column":2},"end":{"line":148,"column":9}},"72":{"start":{"line":156,"column":0},"end":{"line":162,"column":2}},"73":{"start":{"line":157,"column":2},"end":{"line":159,"column":3}},"74":{"start":{"line":158,"column":4},"end":{"line":158,"column":22}},"75":{"start":{"line":161,"column":2},"end":{"line":161,"column":14}},"76":{"start":{"line":170,"column":0},"end":{"line":182,"column":2}},"77":{"start":{"line":171,"column":2},"end":{"line":171,"column":52}},"78":{"start":{"line":173,"column":2},"end":{"line":173,"column":55}},"79":{"start":{"line":175,"column":2},"end":{"line":181,"column":5}},"80":{"start":{"line":176,"column":4},"end":{"line":178,"column":5}},"81":{"start":{"line":177,"column":6},"end":{"line":177,"column":16}},"82":{"start":{"line":180,"column":4},"end":{"line":180,"column":13}},"83":{"start":{"line":184,"column":0},"end":{"line":184,"column":21}}},"branchMap":{"1":{"line":19,"type":"cond-expr","locations":[{"start":{"line":19,"column":72},"end":{"line":19,"column":92}},{"start":{"line":19,"column":95},"end":{"line":19,"column":100}}]},"2":{"line":19,"type":"binary-expr","locations":[{"start":{"line":19,"column":23},"end":{"line":19,"column":31}},{"start":{"line":19,"column":35},"end":{"line":19,"column":69}}]},"3":{"line":20,"type":"cond-expr","locations":[{"start":{"line":20,"column":62},"end":{"line":20,"column":77}},{"start":{"line":20,"column":80},"end":{"line":20,"column":89}}]},"4":{"line":20,"type":"binary-expr","locations":[{"start":{"line":20,"column":18},"end":{"line":20,"column":26}},{"start":{"line":20,"column":30},"end":{"line":20,"column":59}}]},"5":{"line":21,"type":"cond-expr","locations":[{"start":{"line":21,"column":56},"end":{"line":21,"column":68}},{"start":{"line":21,"column":71},"end":{"line":21,"column":80}}]},"6":{"line":21,"type":"binary-expr","locations":[{"start":{"line":21,"column":15},"end":{"line":21,"column":23}},{"start":{"line":21,"column":27},"end":{"line":21,"column":53}}]},"7":{"line":22,"type":"cond-expr","locations":[{"start":{"line":22,"column":62},"end":{"line":22,"column":77}},{"start":{"line":22,"column":80},"end":{"line":22,"column":89}}]},"8":{"line":22,"type":"binary-expr","locations":[{"start":{"line":22,"column":18},"end":{"line":22,"column":26}},{"start":{"line":22,"column":30},"end":{"line":22,"column":59}}]},"9":{"line":23,"type":"cond-expr","locations":[{"start":{"line":23,"column":72},"end":{"line":23,"column":92}},{"start":{"line":23,"column":95},"end":{"line":23,"column":104}}]},"10":{"line":23,"type":"binary-expr","locations":[{"start":{"line":23,"column":23},"end":{"line":23,"column":31}},{"start":{"line":23,"column":35},"end":{"line":23,"column":69}}]},"11":{"line":24,"type":"cond-expr","locations":[{"start":{"line":24,"column":58},"end":{"line":24,"column":71}},{"start":{"line":24,"column":74},"end":{"line":24,"column":83}}]},"12":{"line":24,"type":"binary-expr","locations":[{"start":{"line":24,"column":16},"end":{"line":24,"column":24}},{"start":{"line":24,"column":28},"end":{"line":24,"column":55}}]},"13":{"line":35,"type":"if","locations":[{"start":{"line":35,"column":2},"end":{"line":35,"column":2}},{"start":{"line":35,"column":2},"end":{"line":35,"column":2}}]},"14":{"line":35,"type":"binary-expr","locations":[{"start":{"line":35,"column":6},"end":{"line":35,"column":22}},{"start":{"line":35,"column":26},"end":{"line":35,"column":55}}]},"15":{"line":43,"type":"if","locations":[{"start":{"line":43,"column":4},"end":{"line":43,"column":4}},{"start":{"line":43,"column":4},"end":{"line":43,"column":4}}]},"16":{"line":58,"type":"if","locations":[{"start":{"line":58,"column":2},"end":{"line":58,"column":2}},{"start":{"line":58,"column":2},"end":{"line":58,"column":2}}]},"17":{"line":58,"type":"binary-expr","locations":[{"start":{"line":58,"column":6},"end":{"line":58,"column":22}},{"start":{"line":58,"column":26},"end":{"line":58,"column":55}}]},"18":{"line":70,"type":"if","locations":[{"start":{"line":70,"column":2},"end":{"line":70,"column":2}},{"start":{"line":70,"column":2},"end":{"line":70,"column":2}}]},"19":{"line":80,"type":"cond-expr","locations":[{"start":{"line":80,"column":34},"end":{"line":80,"column":61}},{"start":{"line":80,"column":64},"end":{"line":80,"column":66}}]},"20":{"line":81,"type":"cond-expr","locations":[{"start":{"line":81,"column":39},"end":{"line":81,"column":68}},{"start":{"line":81,"column":71},"end":{"line":81,"column":73}}]},"21":{"line":82,"type":"cond-expr","locations":[{"start":{"line":82,"column":32},"end":{"line":82,"column":55}},{"start":{"line":82,"column":58},"end":{"line":82,"column":60}}]},"22":{"line":85,"type":"if","locations":[{"start":{"line":85,"column":4},"end":{"line":85,"column":4}},{"start":{"line":85,"column":4},"end":{"line":85,"column":4}}]},"23":{"line":94,"type":"if","locations":[{"start":{"line":94,"column":4},"end":{"line":94,"column":4}},{"start":{"line":94,"column":4},"end":{"line":94,"column":4}}]},"24":{"line":103,"type":"if","locations":[{"start":{"line":103,"column":6},"end":{"line":103,"column":6}},{"start":{"line":103,"column":6},"end":{"line":103,"column":6}}]},"25":{"line":103,"type":"binary-expr","locations":[{"start":{"line":103,"column":10},"end":{"line":103,"column":17}},{"start":{"line":103,"column":21},"end":{"line":103,"column":35}}]},"26":{"line":107,"type":"cond-expr","locations":[{"start":{"line":107,"column":57},"end":{"line":107,"column":84}},{"start":{"line":107,"column":87},"end":{"line":107,"column":96}}]},"27":{"line":109,"type":"if","locations":[{"start":{"line":109,"column":13},"end":{"line":109,"column":13}},{"start":{"line":109,"column":13},"end":{"line":109,"column":13}}]},"28":{"line":109,"type":"binary-expr","locations":[{"start":{"line":109,"column":17},"end":{"line":109,"column":24}},{"start":{"line":109,"column":28},"end":{"line":109,"column":39}}]},"29":{"line":119,"type":"if","locations":[{"start":{"line":119,"column":10},"end":{"line":119,"column":10}},{"start":{"line":119,"column":10},"end":{"line":119,"column":10}}]},"30":{"line":139,"type":"if","locations":[{"start":{"line":139,"column":4},"end":{"line":139,"column":4}},{"start":{"line":139,"column":4},"end":{"line":139,"column":4}}]},"31":{"line":141,"type":"if","locations":[{"start":{"line":141,"column":8},"end":{"line":141,"column":8}},{"start":{"line":141,"column":8},"end":{"line":141,"column":8}}]},"32":{"line":144,"type":"if","locations":[{"start":{"line":144,"column":6},"end":{"line":144,"column":6}},{"start":{"line":144,"column":6},"end":{"line":144,"column":6}}]},"33":{"line":157,"type":"if","locations":[{"start":{"line":157,"column":2},"end":{"line":157,"column":2}},{"start":{"line":157,"column":2},"end":{"line":157,"column":2}}]},"34":{"line":171,"type":"binary-expr","locations":[{"start":{"line":171,"column":17},"end":{"line":171,"column":35}},{"start":{"line":171,"column":39},"end":{"line":171,"column":51}}]},"35":{"line":176,"type":"if","locations":[{"start":{"line":176,"column":4},"end":{"line":176,"column":4}},{"start":{"line":176,"column":4},"end":{"line":176,"column":4}}]}},"l":{"3":1,"4":1,"6":1,"14":1,"16":9,"17":9,"19":9,"20":9,"21":9,"22":9,"23":9,"24":9,"33":1,"35":6,"36":2,"37":2,"40":6,"42":6,"43":6,"46":6,"56":1,"58":10,"59":2,"60":2,"64":10,"65":10,"66":8,"68":10,"70":10,"71":0,"74":10,"75":10,"76":10,"77":10,"79":10,"80":10,"81":10,"82":10,"84":10,"85":10,"86":0,"89":10,"91":10,"94":10,"95":0,"98":10,"100":10,"102":28,"103":28,"105":1,"106":2,"107":2,"109":27,"111":2,"115":6,"118":6,"119":6,"120":2,"122":2,"124":4,"128":6,"131":25,"135":28,"139":10,"140":3,"141":3,"144":7,"148":10,"156":1,"157":49,"158":0,"161":49,"170":1,"171":3,"173":3,"175":3,"176":3,"177":0,"180":3,"184":1}}}
