TN:
SF:/Users/jlord/Sites/randomUserGenerator/lib/index.js
FN:14,RUG
FN:33,(anonymous_2)
FN:42,(anonymous_3)
FN:56,(anonymous_4)
FN:84,(anonymous_5)
FN:140,(anonymous_6)
FN:156,(anonymous_7)
FN:170,(anonymous_8)
FN:175,(anonymous_9)
FNF:9
FNH:9
FNDA:9,RUG
FNDA:6,(anonymous_2)
FNDA:6,(anonymous_3)
FNDA:10,(anonymous_4)
FNDA:10,(anonymous_5)
FNDA:3,(anonymous_6)
FNDA:49,(anonymous_7)
FNDA:3,(anonymous_8)
FNDA:3,(anonymous_9)
DA:3,1
DA:4,1
DA:6,1
DA:14,1
DA:16,9
DA:17,9
DA:19,9
DA:20,9
DA:21,9
DA:22,9
DA:23,9
DA:24,9
DA:33,1
DA:35,6
DA:36,2
DA:37,2
DA:40,6
DA:42,6
DA:43,6
DA:46,6
DA:56,1
DA:58,10
DA:59,2
DA:60,2
DA:64,10
DA:65,10
DA:66,8
DA:68,10
DA:70,10
DA:71,0
DA:74,10
DA:75,10
DA:76,10
DA:77,10
DA:79,10
DA:80,10
DA:81,10
DA:82,10
DA:84,10
DA:85,10
DA:86,0
DA:89,10
DA:91,10
DA:94,10
DA:95,0
DA:98,10
DA:100,10
DA:102,28
DA:103,28
DA:105,1
DA:106,2
DA:107,2
DA:109,27
DA:111,2
DA:115,6
DA:118,6
DA:119,6
DA:120,2
DA:122,2
DA:124,4
DA:128,6
DA:131,25
DA:135,28
DA:139,10
DA:140,3
DA:141,3
DA:144,7
DA:148,10
DA:156,1
DA:157,49
DA:158,0
DA:161,49
DA:170,1
DA:171,3
DA:173,3
DA:175,3
DA:176,3
DA:177,0
DA:180,3
DA:184,1
LF:80
LH:75
BRDA:19,1,0,2
BRDA:19,1,1,7
BRDA:19,2,0,9
BRDA:19,2,1,2
BRDA:20,3,0,0
BRDA:20,3,1,9
BRDA:20,4,0,9
BRDA:20,4,1,2
BRDA:21,5,0,1
BRDA:21,5,1,8
BRDA:21,6,0,9
BRDA:21,6,1,2
BRDA:22,7,0,0
BRDA:22,7,1,9
BRDA:22,8,0,9
BRDA:22,8,1,2
BRDA:23,9,0,0
BRDA:23,9,1,9
BRDA:23,10,0,9
BRDA:23,10,1,2
BRDA:24,11,0,0
BRDA:24,11,1,9
BRDA:24,12,0,9
BRDA:24,12,1,2
BRDA:35,13,0,2
BRDA:35,13,1,4
BRDA:35,14,0,6
BRDA:35,14,1,2
BRDA:43,15,0,6
BRDA:43,15,1,0
BRDA:58,16,0,2
BRDA:58,16,1,8
BRDA:58,17,0,10
BRDA:58,17,1,2
BRDA:70,18,0,0
BRDA:70,18,1,10
BRDA:80,19,0,1
BRDA:80,19,1,9
BRDA:81,20,0,1
BRDA:81,20,1,9
BRDA:82,21,0,2
BRDA:82,21,1,8
BRDA:85,22,0,0
BRDA:85,22,1,10
BRDA:94,23,0,0
BRDA:94,23,1,10
BRDA:103,24,0,1
BRDA:103,24,1,27
BRDA:103,25,0,28
BRDA:103,25,1,28
BRDA:107,26,0,2
BRDA:107,26,1,0
BRDA:109,27,0,2
BRDA:109,27,1,25
BRDA:109,28,0,27
BRDA:109,28,1,27
BRDA:119,29,0,2
BRDA:119,29,1,4
BRDA:139,30,0,3
BRDA:139,30,1,7
BRDA:141,31,0,3
BRDA:141,31,1,0
BRDA:144,32,0,7
BRDA:144,32,1,0
BRDA:157,33,0,0
BRDA:157,33,1,49
BRDA:171,34,0,3
BRDA:171,34,1,0
BRDA:176,35,0,0
BRDA:176,35,1,3
BRF:70
BRH:56
end_of_record
